<?xml version="1.0" encoding="UTF-8"?>
<testsuite name="GameLogTest" tests="5" skipped="0" failures="0" errors="0" timestamp="2025-05-01T10:22:42" hostname="DESKTOP-PAQ7BKH" time="0.03">
  <properties/>
  <testcase name="testMultipleWinTypes()" classname="GameLogTest" time="0.002"/>
  <testcase name="testIncrementOWins()" classname="GameLogTest" time="0.002"/>
  <testcase name="testIncrementXWins()" classname="GameLogTest" time="0.005"/>
  <testcase name="testInitialState()" classname="GameLogTest" time="0.002"/>
  <testcase name="testIncrementTies()" classname="GameLogTest" time="0.002"/>
  <system-out><![CDATA[]]></system-out>
  <system-err><![CDATA[]]></system-err>
</testsuite>
